  lab1.cpp
c:\users\user\downloads\процедурное программирование (c, c++)-20181015t185304z-001\процедурное программирование (c, c++)\lab1\lab1.cpp(73): warning C4305: 'initializing': truncation from 'double' to 'float'
c:\users\user\downloads\процедурное программирование (c, c++)-20181015t185304z-001\процедурное программирование (c, c++)\lab1\lab1.cpp(107): warning C4244: '=': conversion from 'double' to 'char', possible loss of data
c:\users\user\downloads\процедурное программирование (c, c++)-20181015t185304z-001\процедурное программирование (c, c++)\lab1\lab1.cpp(107): warning C4244: '=': conversion from 'int' to 'float', possible loss of data
c:\users\user\downloads\процедурное программирование (c, c++)-20181015t185304z-001\процедурное программирование (c, c++)\lab1\lab1.cpp(109): warning C4244: '=': conversion from 'double' to 'char', possible loss of data
c:\users\user\downloads\процедурное программирование (c, c++)-20181015t185304z-001\процедурное программирование (c, c++)\lab1\lab1.cpp(110): warning C4244: '=': conversion from 'double' to 'char', possible loss of data
c:\users\user\downloads\процедурное программирование (c, c++)-20181015t185304z-001\процедурное программирование (c, c++)\lab1\lab1.cpp(110): warning C4244: '=': conversion from 'int' to 'float', possible loss of data
c:\users\user\downloads\процедурное программирование (c, c++)-20181015t185304z-001\процедурное программирование (c, c++)\lab1\lab1.cpp(112): warning C4244: '=': conversion from 'double' to 'float', possible loss of data
c:\users\user\downloads\процедурное программирование (c, c++)-20181015t185304z-001\процедурное программирование (c, c++)\lab1\lab1.cpp(112): warning C4244: '=': conversion from 'float' to 'int', possible loss of data
c:\users\user\downloads\процедурное программирование (c, c++)-20181015t185304z-001\процедурное программирование (c, c++)\lab1\lab1.cpp(112): warning C4244: '=': conversion from 'short' to 'char', possible loss of data
c:\users\user\downloads\процедурное программирование (c, c++)-20181015t185304z-001\процедурное программирование (c, c++)\lab1\lab1.cpp(113): warning C4244: '=': conversion from 'double' to 'float', possible loss of data
c:\users\user\downloads\процедурное программирование (c, c++)-20181015t185304z-001\процедурное программирование (c, c++)\lab1\lab1.cpp(113): warning C4244: '=': conversion from 'float' to 'int', possible loss of data
c:\users\user\downloads\процедурное программирование (c, c++)-20181015t185304z-001\процедурное программирование (c, c++)\lab1\lab1.cpp(113): warning C4244: '=': conversion from 'short' to 'char', possible loss of data
c:\users\user\downloads\процедурное программирование (c, c++)-20181015t185304z-001\процедурное программирование (c, c++)\lab1\lab1.cpp(166): warning C4309: 'initializing': truncation of constant value
c:\users\user\downloads\процедурное программирование (c, c++)-20181015t185304z-001\процедурное программирование (c, c++)\lab1\lab1.cpp(381): warning C4305: '=': truncation from 'int' to 'bool'
c:\users\user\downloads\процедурное программирование (c, c++)-20181015t185304z-001\процедурное программирование (c, c++)\lab1\lab1.cpp(432): warning C4101: 'ch': unreferenced local variable
c:\users\user\downloads\процедурное программирование (c, c++)-20181015t185304z-001\процедурное программирование (c, c++)\lab1\lab1.cpp(457): warning C4101: 'ch': unreferenced local variable
  Generating code
  1 of 1 functions (100.0%) were compiled.
    0 functions were new in current compilation
    0 functions had inline decision re-evaluated but remain unchanged
  Finished generating code
  practice.vcxproj -> C:\Users\User\source\repos\practice\Release\practice.exe
